<?xml version="1.0" encoding="UTF-8"?>
<!-- Generated by org.testng.reporters.JUnitReportReporter -->
<testsuite skipped="0" hostname="DESKTOP-7MOLBK8" name="TestCases.AmazonTestCase" tests="2" failures="0" timestamp="13 Apr 2020 20:15:09 GMT" time="15.874" errors="0">
  <testcase name="Search" time="10.731" classname="TestCases.AmazonTestCase"/>
  <testcase name="clickBook" time="5.143" classname="TestCases.AmazonTestCase"/>
</testsuite> <!-- TestCases.AmazonTestCase -->
