<?xml version="1.0" encoding="UTF-8"?>
<!-- Generated by org.testng.reporters.JUnitReportReporter -->
<testsuite skipped="0" hostname="DESKTOP-7MOLBK8" name="TestCases.AmazonTestCase" tests="2" failures="0" timestamp="13 Apr 2020 19:47:06 GMT" time="6.962" errors="0">
  <testcase name="Search" time="5.141" classname="TestCases.AmazonTestCase"/>
  <testcase name="clickBook" time="1.821" classname="TestCases.AmazonTestCase"/>
</testsuite> <!-- TestCases.AmazonTestCase -->
